c:\users\erike\onedrive\dokument\github\spelprojekt\spelprojekt\spelprojekt\debug\vc141.pdb
c:\users\erike\onedrive\dokument\github\spelprojekt\spelprojekt\spelprojekt\debug\vc141.idb
c:\users\erike\onedrive\dokument\github\spelprojekt\spelprojekt\spelprojekt\debug\alien.obj
c:\users\erike\onedrive\dokument\github\spelprojekt\spelprojekt\spelprojekt\debug\game.obj
c:\users\erike\onedrive\dokument\github\spelprojekt\spelprojekt\spelprojekt\debug\bullet.obj
c:\users\erike\onedrive\dokument\github\spelprojekt\spelprojekt\spelprojekt\debug\enemie.obj
c:\users\erike\onedrive\dokument\github\spelprojekt\spelprojekt\spelprojekt\debug\player.obj
c:\users\erike\onedrive\dokument\github\spelprojekt\spelprojekt\spelprojekt\debug\rocket.obj
c:\users\erike\onedrive\dokument\github\spelprojekt\spelprojekt\spelprojekt\debug\shot.obj
c:\users\erike\onedrive\dokument\github\spelprojekt\spelprojekt\spelprojekt\debug\enemiehandler.obj
c:\users\erike\onedrive\dokument\github\spelprojekt\spelprojekt\spelprojekt\debug\ship.obj
c:\users\erike\onedrive\dokument\github\spelprojekt\spelprojekt\spelprojekt\debug\main.obj
c:\users\erike\onedrive\dokument\github\spelprojekt\spelprojekt\debug\spelprojekt.exe
c:\users\erike\onedrive\dokument\github\spelprojekt\spelprojekt\debug\spelprojekt.ilk
c:\users\erike\onedrive\dokument\github\spelprojekt\spelprojekt\debug\spelprojekt.pdb
c:\users\erike\onedrive\dokument\github\spelprojekt\spelprojekt\spelprojekt\debug\spelprojekt.tlog\cl.command.1.tlog
c:\users\erike\onedrive\dokument\github\spelprojekt\spelprojekt\spelprojekt\debug\spelprojekt.tlog\cl.read.1.tlog
c:\users\erike\onedrive\dokument\github\spelprojekt\spelprojekt\spelprojekt\debug\spelprojekt.tlog\cl.write.1.tlog
c:\users\erike\onedrive\dokument\github\spelprojekt\spelprojekt\spelprojekt\debug\spelprojekt.tlog\link.command.1.tlog
c:\users\erike\onedrive\dokument\github\spelprojekt\spelprojekt\spelprojekt\debug\spelprojekt.tlog\link.read.1.tlog
c:\users\erike\onedrive\dokument\github\spelprojekt\spelprojekt\spelprojekt\debug\spelprojekt.tlog\link.write.1.tlog
