c:\users\awezen\documents\github\spelprojekt\spelprojekt\spelprojekt\release\vc141.pdb
c:\users\awezen\documents\github\spelprojekt\spelprojekt\spelprojekt\release\shot.obj
c:\users\awezen\documents\github\spelprojekt\spelprojekt\spelprojekt\release\rocket.obj
c:\users\awezen\documents\github\spelprojekt\spelprojekt\spelprojekt\release\player.obj
c:\users\awezen\documents\github\spelprojekt\spelprojekt\spelprojekt\release\main.obj
c:\users\awezen\documents\github\spelprojekt\spelprojekt\spelprojekt\release\game.obj
c:\users\awezen\documents\github\spelprojekt\spelprojekt\spelprojekt\release\enemie.obj
c:\users\awezen\documents\github\spelprojekt\spelprojekt\spelprojekt\release\bullet.obj
c:\users\awezen\documents\github\spelprojekt\spelprojekt\spelprojekt\release\alien.obj
c:\users\awezen\documents\github\spelprojekt\spelprojekt\spelprojekt\release\ship.obj
c:\users\awezen\documents\github\spelprojekt\spelprojekt\spelprojekt\release\enemiehandler.obj
c:\users\awezen\documents\github\spelprojekt\spelprojekt\release\spelprojekt.exe
c:\users\awezen\documents\github\spelprojekt\spelprojekt\release\spelprojekt.pdb
c:\users\awezen\documents\github\spelprojekt\spelprojekt\release\spelprojekt.ipdb
c:\users\awezen\documents\github\spelprojekt\spelprojekt\release\spelprojekt.iobj
c:\users\awezen\documents\github\spelprojekt\spelprojekt\spelprojekt\release\spelprojekt.tlog\cl.command.1.tlog
c:\users\awezen\documents\github\spelprojekt\spelprojekt\spelprojekt\release\spelprojekt.tlog\cl.read.1.tlog
c:\users\awezen\documents\github\spelprojekt\spelprojekt\spelprojekt\release\spelprojekt.tlog\cl.write.1.tlog
c:\users\awezen\documents\github\spelprojekt\spelprojekt\spelprojekt\release\spelprojekt.tlog\link.command.1.tlog
c:\users\awezen\documents\github\spelprojekt\spelprojekt\spelprojekt\release\spelprojekt.tlog\link.read.1.tlog
c:\users\awezen\documents\github\spelprojekt\spelprojekt\spelprojekt\release\spelprojekt.tlog\link.write.1.tlog
c:\users\awezen\documents\github\spelprojekt\spelprojekt\spelprojekt\release\spelprojekt.tlog\spelprojekt.write.1u.tlog
